This file contains any messages produced by compilers while
running configure, to aid debugging if configure makes a mistake.

It was created by configure, which was
generated by GNU Autoconf 2.53a.  Invocation command line was

  $ ./configure --prefix=/usr/local --cache-file=/dev/null --srcdir=.

## --------- ##
## Platform. ##
## --------- ##

hostname = fukiBookPro.local
uname -m = i386
uname -r = 10.3.0
uname -s = Darwin
uname -v = Darwin Kernel Version 10.3.0: Fri Feb 26 11:58:09 PST 2010; root:xnu-1504.3.12~1/RELEASE_I386

/usr/bin/uname -p = i386
/bin/uname -X     = unknown

/bin/arch              = unknown
/usr/bin/arch -k       = unknown
/usr/convex/getsysinfo = unknown
hostinfo               = Mach kernel version:
	 Darwin Kernel Version 10.3.0: Fri Feb 26 11:58:09 PST 2010; root:xnu-1504.3.12~1/RELEASE_I386
Kernel configured for up to 2 processors.
2 processors are physically available.
2 processors are logically available.
Processor type: i486 (Intel 80486)
Processors active: 0 1
Primary memory available: 4.00 gigabytes
Default processor set: 96 tasks, 432 threads, 2 processors
Load average: 1.59, Mach factor: 0.70
/bin/machine           = unknown
/usr/bin/oslevel       = unknown
/bin/universe          = unknown

PATH: /opt/local/bin
PATH: /opt/local/sbin
PATH: /opt/local/bin
PATH: /opt/imagemagick//bin
PATH: /opt/local/sbin
PATH: /opt/bin
PATH: /usr/local/homebrew/bin
PATH: /opt/ruby-enterprise/bin
PATH: /opt/local/bin
PATH: /opt/local/sbin
PATH: /usr/bin
PATH: /bin
PATH: /usr/sbin
PATH: /sbin
PATH: /usr/local/bin
PATH: /usr/local/git/bin
PATH: /usr/local/mysql/bin
PATH: /usr/X11/bin


## ----------- ##
## Core tests. ##
## ----------- ##

configure:1440: checking for a BSD-compatible install
configure:1494: result: /usr/bin/install -c
configure:1505: checking whether build environment is sane
configure:1548: result: yes
configure:1582: checking for gawk
configure:1611: result: no
configure:1582: checking for mawk
configure:1611: result: no
configure:1582: checking for nawk
configure:1611: result: no
configure:1582: checking for awk
configure:1598: found /usr/bin/awk
configure:1608: result: awk
configure:1618: checking whether make sets ${MAKE}
configure:1638: result: yes
configure:1818: checking build system type
configure:1836: result: i686-apple-darwin10.3.0
configure:1844: checking host system type
configure:1858: result: i686-apple-darwin10.3.0
configure:1875: checking for style of include used by make
configure:1903: result: GNU
configure:1953: checking for gcc
configure:1969: found /usr/bin/gcc
configure:1979: result: gcc
configure:2221: checking for C compiler version
configure:2224: gcc --version </dev/null >&5
i686-apple-darwin10-gcc-4.2.1 (GCC) 4.2.1 (Apple Inc. build 5646) (dot 1)
Copyright (C) 2007 Free Software Foundation, Inc.
This is free software; see the source for copying conditions.  There is NO
warranty; not even for MERCHANTABILITY or FITNESS FOR A PARTICULAR PURPOSE.

configure:2227: $? = 0
configure:2229: gcc -v </dev/null >&5
Using built-in specs.
Target: i686-apple-darwin10
Configured with: /var/tmp/gcc/gcc-5646.1~2/src/configure --disable-checking --enable-werror --prefix=/usr --mandir=/share/man --enable-languages=c,objc,c++,obj-c++ --program-transform-name=/^[cg][^.-]*$/s/$/-4.2/ --with-slibdir=/usr/lib --build=i686-apple-darwin10 --with-gxx-include-dir=/include/c++/4.2.1 --program-prefix=i686-apple-darwin10- --host=x86_64-apple-darwin10 --target=i686-apple-darwin10
Thread model: posix
gcc version 4.2.1 (Apple Inc. build 5646) (dot 1)
configure:2232: $? = 0
configure:2234: gcc -V </dev/null >&5
gcc-4.2: argument to `-V' is missing
configure:2237: $? = 1
configure:2263: checking for C compiler default output
configure:2266: gcc    conftest.c  >&5
configure:2269: $? = 0
configure:2302: result: a.out
configure:2307: checking whether the C compiler works
configure:2313: ./a.out
configure:2316: $? = 0
configure:2331: result: yes
configure:2338: checking whether we are cross compiling
configure:2340: result: no
configure:2343: checking for suffix of executables
configure:2345: gcc -o conftest    conftest.c  >&5
configure:2348: $? = 0
configure:2370: result: 
configure:2376: checking for suffix of object files
configure:2400: gcc -c   conftest.c >&5
configure:2403: $? = 0
configure:2422: result: o
configure:2426: checking whether we are using the GNU C compiler
configure:2453: gcc -c   conftest.c >&5
configure:2456: $? = 0
configure:2459: test -s conftest.o
configure:2462: $? = 0
configure:2474: result: yes
configure:2480: checking whether gcc accepts -g
configure:2504: gcc -c -g  conftest.c >&5
configure:2507: $? = 0
configure:2510: test -s conftest.o
configure:2513: $? = 0
configure:2523: result: yes
configure:2540: checking for gcc option to accept ANSI C
configure:2603: gcc  -c -g -O2  conftest.c >&5
configure:2606: $? = 0
configure:2609: test -s conftest.o
configure:2612: $? = 0
configure:2629: result: none needed
configure:2647: gcc -c -g -O2  conftest.c >&5
conftest.c:2: error: expected '=', ',', ';', 'asm' or '__attribute__' before 'me'
configure:2650: $? = 1
configure: failed program was:
#ifndef __cplusplus
  choke me
#endif
configure:2762: checking dependency style of gcc
configure:2824: result: gcc3
configure:2851: checking for ld used by GCC
configure:2914: result: /usr/libexec/gcc/i686-apple-darwin10/4.2.1/ld
configure:2923: checking if the linker (/usr/libexec/gcc/i686-apple-darwin10/4.2.1/ld) is GNU ld
configure:2935: result: no
configure:2940: checking for /usr/libexec/gcc/i686-apple-darwin10/4.2.1/ld option to reload object files
configure:2947: result: -r
configure:2952: checking for BSD-compatible nm
configure:2988: result: /usr/bin/nm
configure:2991: checking whether ln -s works
configure:2995: result: yes
configure:3002: checking how to recognise dependant libraries
configure:3174: result: file_magic Mach-O dynamically linked shared library
configure:3187: checking command to parse /usr/bin/nm output
configure:3268: gcc -c -g -O2  conftest.c >&5
configure:3271: $? = 0
configure:3275: /usr/bin/nm conftest.o \| sed -n -e 's/^.*[ 	]\([BCDEGRST][BCDEGRST]*\)[ 	][ 	]*\(\)\([_A-Za-z][_A-Za-z0-9]*\)$/\1 \2\3 \3/p' \> conftest.nm
configure:3278: $? = 0
cannot find nm_test_var in conftest.nm
configure:3268: gcc -c -g -O2  conftest.c >&5
configure:3271: $? = 0
configure:3275: /usr/bin/nm conftest.o \| sed -n -e 's/^.*[ 	]\([BCDEGRST][BCDEGRST]*\)[ 	][ 	]*\(_\)\([_A-Za-z][_A-Za-z0-9]*\)$/\1 \2\3 \3/p' \> conftest.nm
configure:3278: $? = 0
configure:3330: gcc -o conftest -g -O2   conftest.c conftstm.o >&5
configure:3333: $? = 0
configure:3377: result: ok
configure:3386: checking how to run the C preprocessor
configure:3412: gcc -E  conftest.c
configure:3418: $? = 0
configure:3445: gcc -E  conftest.c
configure:3441:28: error: ac_nonexistent.h: No such file or directory
configure:3451: $? = 1
configure: failed program was:
#line 3440 "configure"
#include "confdefs.h"
#include <ac_nonexistent.h>
configure:3488: result: gcc -E
configure:3503: gcc -E  conftest.c
configure:3509: $? = 0
configure:3536: gcc -E  conftest.c
configure:3532:28: error: ac_nonexistent.h: No such file or directory
configure:3542: $? = 1
configure: failed program was:
#line 3531 "configure"
#include "confdefs.h"
#include <ac_nonexistent.h>
configure:3582: checking for ANSI C header files
configure:3596: gcc -E  conftest.c
configure:3602: $? = 0
configure:3689: gcc -o conftest -g -O2   conftest.c  >&5
configure: In function 'main':
configure:3680: warning: incompatible implicit declaration of built-in function 'exit'
configure:3692: $? = 0
configure:3694: ./conftest
configure:3697: $? = 0
configure:3711: result: yes
configure:3735: checking for sys/types.h
configure:3748: gcc -c -g -O2  conftest.c >&5
configure:3751: $? = 0
configure:3754: test -s conftest.o
configure:3757: $? = 0
configure:3767: result: yes
configure:3735: checking for sys/stat.h
configure:3748: gcc -c -g -O2  conftest.c >&5
configure:3751: $? = 0
configure:3754: test -s conftest.o
configure:3757: $? = 0
configure:3767: result: yes
configure:3735: checking for stdlib.h
configure:3748: gcc -c -g -O2  conftest.c >&5
configure:3751: $? = 0
configure:3754: test -s conftest.o
configure:3757: $? = 0
configure:3767: result: yes
configure:3735: checking for string.h
configure:3748: gcc -c -g -O2  conftest.c >&5
configure:3751: $? = 0
configure:3754: test -s conftest.o
configure:3757: $? = 0
configure:3767: result: yes
configure:3735: checking for memory.h
configure:3748: gcc -c -g -O2  conftest.c >&5
configure:3751: $? = 0
configure:3754: test -s conftest.o
configure:3757: $? = 0
configure:3767: result: yes
configure:3735: checking for strings.h
configure:3748: gcc -c -g -O2  conftest.c >&5
configure:3751: $? = 0
configure:3754: test -s conftest.o
configure:3757: $? = 0
configure:3767: result: yes
configure:3735: checking for inttypes.h
configure:3748: gcc -c -g -O2  conftest.c >&5
configure:3751: $? = 0
configure:3754: test -s conftest.o
configure:3757: $? = 0
configure:3767: result: yes
configure:3735: checking for stdint.h
configure:3748: gcc -c -g -O2  conftest.c >&5
configure:3751: $? = 0
configure:3754: test -s conftest.o
configure:3757: $? = 0
configure:3767: result: yes
configure:3735: checking for unistd.h
configure:3748: gcc -c -g -O2  conftest.c >&5
configure:3751: $? = 0
configure:3754: test -s conftest.o
configure:3757: $? = 0
configure:3767: result: yes
configure:3793: checking dlfcn.h usability
configure:3802: gcc -c -g -O2  conftest.c >&5
configure:3805: $? = 0
configure:3808: test -s conftest.o
configure:3811: $? = 0
configure:3820: result: yes
configure:3824: checking dlfcn.h presence
configure:3831: gcc -E  conftest.c
configure:3837: $? = 0
configure:3855: result: yes
configure:3873: checking for dlfcn.h
configure:3880: result: yes
configure:4077: checking for ranlib
configure:4093: found /usr/bin/ranlib
configure:4104: result: ranlib
configure:4157: checking for strip
configure:4173: found /usr/bin/strip
configure:4184: result: strip
configure:4395: checking for objdir
configure:4406: result: .libs
configure:4423: checking for gcc option to produce PIC
configure:4573: result: -fno-common
configure:4577: checking if gcc PIC flag -fno-common works
configure:4603: gcc -c -g -O2 -fno-common -DPIC  conftest.c >&5
configure:4606: $? = 0
configure:4609: test -s conftest.o
configure:4612: $? = 0
configure:4649: result: yes
configure:4665: checking if gcc static flag -static works
configure:4692: gcc -o conftest -g -O2   -static conftest.c  >&5
ld: library not found for -lcrt0.o
collect2: ld returned 1 exit status
configure:4695: $? = 1
configure: failed program was:
#line 4673 "configure"
#include "confdefs.h"

#ifdef F77_DUMMY_MAIN
#  ifdef __cplusplus
     extern "C"
#  endif
   int F77_DUMMY_MAIN() { return 1; }
#endif
int
main ()
{

  ;
  return 0;
}
configure:4716: result: no
configure:4728: checking if gcc supports -c -o file.o
configure:4748: gcc -c -g -O2 -o out/conftest2.o  conftest.c >&5
configure:4772: result: yes
configure:4777: checking if gcc supports -c -o file.lo
configure:4807: gcc -c -g -O2 -c -o conftest.lo  conftest.c >&5
configure:4810: $? = 0
configure:4813: test -s conftest.lo
configure:4816: $? = 0
configure:4837: result: yes
configure:4868: checking if gcc supports -fno-rtti -fno-exceptions
configure:4893: gcc -c -g -O2 -fno-rtti -fno-exceptions -c conftest.c  conftest.c >&5
cc1: warning: command line option "-fno-rtti" is valid for C++/ObjC++ but not for C
cc1: warning: command line option "-fno-rtti" is valid for C++/ObjC++ but not for C
configure:4896: $? = 0
configure:4899: test -s conftest.o
configure:4902: $? = 0
configure:4918: result: yes
configure:4929: checking whether the linker (/usr/libexec/gcc/i686-apple-darwin10/4.2.1/ld) supports shared libraries
configure:5609: result: yes
configure:5614: checking how to hardcode library paths into programs
configure:5638: result: unsupported
configure:5643: checking whether stripping libraries is possible
configure:5651: result: no
configure:5659: checking dynamic linker characteristics
configure:6052: result: darwin10.3.0 dyld
configure:6057: checking if libtool supports shared libraries
configure:6059: result: yes
configure:6062: checking whether to build shared libraries
configure:6083: result: yes
configure:6086: checking whether to build static libraries
configure:6090: result: yes
configure:7364: checking whether to enable maintainer-specific portions of Makefiles
configure:7373: result: no
configure:7442: checking for g++
configure:7458: found /usr/bin/g++
configure:7468: result: g++
configure:7484: checking for C++ compiler version
configure:7487: g++ --version </dev/null >&5
i686-apple-darwin10-g++-4.2.1 (GCC) 4.2.1 (Apple Inc. build 5646) (dot 1)
Copyright (C) 2007 Free Software Foundation, Inc.
This is free software; see the source for copying conditions.  There is NO
warranty; not even for MERCHANTABILITY or FITNESS FOR A PARTICULAR PURPOSE.

configure:7490: $? = 0
configure:7492: g++ -v </dev/null >&5
Using built-in specs.
Target: i686-apple-darwin10
Configured with: /var/tmp/gcc/gcc-5646.1~2/src/configure --disable-checking --enable-werror --prefix=/usr --mandir=/share/man --enable-languages=c,objc,c++,obj-c++ --program-transform-name=/^[cg][^.-]*$/s/$/-4.2/ --with-slibdir=/usr/lib --build=i686-apple-darwin10 --with-gxx-include-dir=/include/c++/4.2.1 --program-prefix=i686-apple-darwin10- --host=x86_64-apple-darwin10 --target=i686-apple-darwin10
Thread model: posix
gcc version 4.2.1 (Apple Inc. build 5646) (dot 1)
configure:7495: $? = 0
configure:7497: g++ -V </dev/null >&5
g++-4.2: argument to `-V' is missing
configure:7500: $? = 1
configure:7503: checking whether we are using the GNU C++ compiler
configure:7530: g++ -c   conftest.cc >&5
configure:7533: $? = 0
configure:7536: test -s conftest.o
configure:7539: $? = 0
configure:7551: result: yes
configure:7557: checking whether g++ accepts -g
configure:7581: g++ -c -g  conftest.cc >&5
configure:7584: $? = 0
configure:7587: test -s conftest.o
configure:7590: $? = 0
configure:7600: result: yes
configure:7646: g++ -c -g -O2  conftest.cc >&5
configure:7649: $? = 0
configure:7652: test -s conftest.o
configure:7655: $? = 0
configure:7683: g++ -c -g -O2  conftest.cc >&5
configure: In function 'int main()':
configure:7675: error: 'exit' was not declared in this scope
configure:7686: $? = 1
configure: failed program was:
#line 7664 "configure"
#include "confdefs.h"

#ifdef F77_DUMMY_MAIN
#  ifdef __cplusplus
     extern "C"
#  endif
   int F77_DUMMY_MAIN() { return 1; }
#endif
int
main ()
{
exit (42);
  ;
  return 0;
}
configure:7646: g++ -c -g -O2  conftest.cc >&5
configure:7649: $? = 0
configure:7652: test -s conftest.o
configure:7655: $? = 0
configure:7683: g++ -c -g -O2  conftest.cc >&5
configure:7686: $? = 0
configure:7689: test -s conftest.o
configure:7692: $? = 0
configure:7716: checking dependency style of g++
configure:7778: result: gcc3
configure:7788: checking how to run the C++ preprocessor
configure:7810: g++ -E  conftest.cc
configure:7816: $? = 0
configure:7843: g++ -E  conftest.cc
configure:7839:28: error: ac_nonexistent.h: No such file or directory
configure:7849: $? = 1
configure: failed program was:
#line 7838 "configure"
#include "confdefs.h"
#include <ac_nonexistent.h>
configure:7886: result: g++ -E
configure:7901: g++ -E  conftest.cc
configure:7907: $? = 0
configure:7934: g++ -E  conftest.cc
configure:7930:28: error: ac_nonexistent.h: No such file or directory
configure:7940: $? = 1
configure: failed program was:
#line 7929 "configure"
#include "confdefs.h"
#include <ac_nonexistent.h>
configure:8020: checking for ranlib
configure:8047: result: ranlib
configure:8071: checking for a BSD-compatible install
configure:8125: result: /usr/bin/install -c
configure:8137: checking for ANSI C header files
configure:8266: result: yes
configure:8282: checking for unistd.h
configure:8287: result: yes
configure:8291: checking errno.h usability
configure:8300: gcc -c -g -O2  conftest.c >&5
configure:8303: $? = 0
configure:8306: test -s conftest.o
configure:8309: $? = 0
configure:8318: result: yes
configure:8322: checking errno.h presence
configure:8329: gcc -E  conftest.c
configure:8335: $? = 0
configure:8353: result: yes
configure:8371: checking for errno.h
configure:8378: result: yes
configure:8474: creating ./config.status

## ---------------------- ##
## Running config.status. ##
## ---------------------- ##

This file was extended by config.status, which was
generated by GNU Autoconf 2.53a.  Invocation command line was

  CONFIG_FILES    = 
  CONFIG_HEADERS  = 
  CONFIG_LINKS    = 
  CONFIG_COMMANDS = 
  $ ./config.status 

on fukiBookPro.local

config.status:658: creating Makefile
config.status:658: creating src/Makefile
config.status:658: creating prj/Makefile
config.status:658: creating include/Makefile
config.status:658: creating lib/Makefile
config.status:762: creating config.h
config.status:981: executing default-1 commands

## ---------------- ##
## Cache variables. ##
## ---------------- ##

ac_cv_build=i686-apple-darwin10.3.0
ac_cv_build_alias=i686-apple-darwin10.3.0
ac_cv_c_compiler_gnu=yes
ac_cv_cxx_compiler_gnu=yes
ac_cv_env_CC_set=
ac_cv_env_CC_value=
ac_cv_env_CFLAGS_set=
ac_cv_env_CFLAGS_value=
ac_cv_env_CPPFLAGS_set=
ac_cv_env_CPPFLAGS_value=
ac_cv_env_CPP_set=
ac_cv_env_CPP_value=
ac_cv_env_CXXCPP_set=
ac_cv_env_CXXCPP_value=
ac_cv_env_CXXFLAGS_set=
ac_cv_env_CXXFLAGS_value=
ac_cv_env_CXX_set=
ac_cv_env_CXX_value=
ac_cv_env_LDFLAGS_set=
ac_cv_env_LDFLAGS_value=
ac_cv_env_build_alias_set=
ac_cv_env_build_alias_value=
ac_cv_env_host_alias_set=
ac_cv_env_host_alias_value=
ac_cv_env_target_alias_set=
ac_cv_env_target_alias_value=
ac_cv_exeext=
ac_cv_header_dlfcn_h=yes
ac_cv_header_errno_h=yes
ac_cv_header_inttypes_h=yes
ac_cv_header_memory_h=yes
ac_cv_header_stdc=yes
ac_cv_header_stdint_h=yes
ac_cv_header_stdlib_h=yes
ac_cv_header_string_h=yes
ac_cv_header_strings_h=yes
ac_cv_header_sys_stat_h=yes
ac_cv_header_sys_types_h=yes
ac_cv_header_unistd_h=yes
ac_cv_host=i686-apple-darwin10.3.0
ac_cv_host_alias=i686-apple-darwin10.3.0
ac_cv_objext=o
ac_cv_path_install='/usr/bin/install -c'
ac_cv_prog_AWK=awk
ac_cv_prog_CPP='gcc -E'
ac_cv_prog_CXXCPP='g++ -E'
ac_cv_prog_ac_ct_CC=gcc
ac_cv_prog_ac_ct_CXX=g++
ac_cv_prog_ac_ct_RANLIB=ranlib
ac_cv_prog_ac_ct_STRIP=strip
ac_cv_prog_cc_g=yes
ac_cv_prog_cc_stdc=
ac_cv_prog_cxx_g=yes
ac_cv_prog_make_make_set=yes
am_cv_CC_dependencies_compiler_type=gcc3
am_cv_CXX_dependencies_compiler_type=gcc3
lt_cv_compiler_c_o=yes
lt_cv_compiler_o_lo=yes
lt_cv_deplibs_check_method='file_magic Mach-O dynamically linked shared library'
lt_cv_file_magic_cmd='/usr/bin/file -L'
lt_cv_file_magic_test_file=/usr/lib/libSystem.dylib
lt_cv_global_symbol_to_c_name_address='sed -n -e '\''s/^: \([^ ]*\) $/  {\"\1\", (lt_ptr) 0},/p'\'' -e '\''s/^[BCDEGRST] \([^ ]*\) \([^ ]*\)$/  {"\2", (lt_ptr) \&\2},/p'\'''
lt_cv_global_symbol_to_cdecl='sed -n -e '\''s/^. .* \(.*\)$/extern char \1;/p'\'''
lt_cv_ld_reload_flag=-r
lt_cv_path_LD=/usr/libexec/gcc/i686-apple-darwin10/4.2.1/ld
lt_cv_path_NM=/usr/bin/nm
lt_cv_prog_cc_can_build_shared=yes
lt_cv_prog_cc_no_builtin=
lt_cv_prog_cc_pic=' -fno-common'
lt_cv_prog_cc_pic_works=yes
lt_cv_prog_cc_shlib=
lt_cv_prog_cc_static=
lt_cv_prog_cc_static_works=no
lt_cv_prog_cc_wl=-Wl,
lt_cv_prog_gnu_ld=no
lt_cv_sys_global_symbol_pipe='sed -n -e '\''s/^.*[ 	]\([BCDEGRST][BCDEGRST]*\)[ 	][ 	]*\(_\)\([_A-Za-z][_A-Za-z0-9]*\)$/\1 \2\3 \3/p'\'''

## ----------- ##
## confdefs.h. ##
## ----------- ##

#define PACKAGE_NAME ""
#define PACKAGE_TARNAME ""
#define PACKAGE_VERSION ""
#define PACKAGE_STRING ""
#define PACKAGE_BUGREPORT ""
#define PACKAGE "zlib"
#define VERSION "1.1.3"
#define STDC_HEADERS 1
#define HAVE_SYS_TYPES_H 1
#define HAVE_SYS_STAT_H 1
#define HAVE_STDLIB_H 1
#define HAVE_STRING_H 1
#define HAVE_MEMORY_H 1
#define HAVE_STRINGS_H 1
#define HAVE_INTTYPES_H 1
#define HAVE_STDINT_H 1
#define HAVE_UNISTD_H 1
#define HAVE_DLFCN_H 1
#ifdef __cplusplus
#include <stdlib.h>
#endif
#define STDC_HEADERS 1
#define HAVE_UNISTD_H 1
#define HAVE_ERRNO_H 1

configure: exit 0
